{"level":"info","message":"Connected to database & server started succesfully. You can access it at http://localhost:8080"}
{"level":"info","message":"Connected to database & server started succesfully. You can access it at http://localhost:8080"}
{"level":"info","message":"Connected to database & server started succesfully. You can access it at http://localhost:8080"}
{"level":"info","message":"Connected to database & server started succesfully. You can access it at http://localhost:8080"}
{"level":"info","message":"Connected to database & server started succesfully. You can access it at http://localhost:8080"}
{"level":"info","message":"Connected to database & server started succesfully. You can access it at http://localhost:8080"}
{"level":"info","message":"Connected to database & server started succesfully. You can access it at http://localhost:8080"}
{"level":"info","message":"Connected to database & server started succesfully. You can access it at http://localhost:8080"}
{"level":"info","message":"Connected to database & server started succesfully. You can access it at http://localhost:8080"}
{"level":"info","message":"Connected to database & server started succesfully. You can access it at http://localhost:8080"}
{"level":"info","message":"Connected to database & server started succesfully. You can access it at http://localhost:8080"}
{"level":"info","message":"Connected to database & server started succesfully. You can access it at http://localhost:8080"}
{"level":"info","message":"Connected to database & server started succesfully. You can access it at http://localhost:8080"}
{"level":"info","message":"Connected to database & server started succesfully. You can access it at http://localhost:8080"}
{"level":"info","message":"Connected to database & server started succesfully. You can access it at http://localhost:8080"}
{"level":"info","message":"Connected to database & server started succesfully. You can access it at http://localhost:8080"}
{"level":"info","message":"Connected to database & server started succesfully. You can access it at http://localhost:8080"}
{"level":"info","message":"Connected to database & server started succesfully. You can access it at http://localhost:8080"}
{"level":"info","message":"Connected to database & server started succesfully. You can access it at http://localhost:8080"}
{"level":"info","message":"Connected to database & server started succesfully. You can access it at http://localhost:8080"}
{"level":"info","message":"Connected to database & server started succesfully. You can access it at http://localhost:8080"}
{"level":"info","message":"Connected to database & server started succesfully. You can access it at http://localhost:8080"}
{"level":"info","message":"Connected to database & server started succesfully. You can access it at http://localhost:8080"}
{"level":"info","message":"Connected to database & server started succesfully. You can access it at http://localhost:8080"}
{"level":"info","message":"Connected to database & server started succesfully. You can access it at http://localhost:8080"}
{"level":"info","message":"Connected to database & server started succesfully. You can access it at http://localhost:8080"}
{"level":"info","message":"Connected to database & server started succesfully. You can access it at http://localhost:8080"}
{"level":"info","message":"Connected to database & server started succesfully. You can access it at http://localhost:8080"}
{"level":"info","message":"Connected to database & server started succesfully. You can access it at http://localhost:8080"}
{"level":"info","message":"Connected to database & server started succesfully. You can access it at http://localhost:8080"}
{"level":"info","message":"Connected to database & server started succesfully. You can access it at http://localhost:8080"}
{"level":"info","message":"Connected to database & server started succesfully. You can access it at http://localhost:8080"}
{"level":"info","message":"Connected to database & server started succesfully. You can access it at http://localhost:8080"}
{"level":"info","message":"Connected to database & server started succesfully. You can access it at http://localhost:8080"}
{"level":"info","message":"Connected to database & server started succesfully. You can access it at http://localhost:8080"}
{"level":"info","message":"Connected to database & server started succesfully. You can access it at http://localhost:8080"}
{"level":"info","message":"Connected to database & server started succesfully. You can access it at http://localhost:8080"}
{"level":"info","message":"Connected to database & server started succesfully. You can access it at http://localhost:8080"}
{"level":"info","message":"Connected to database & server started succesfully. You can access it at http://localhost:8080"}
{"level":"info","message":"Connected to database & server started succesfully. You can access it at http://localhost:8080"}
{"level":"info","message":"Connected to database & server started succesfully. You can access it at http://localhost:8080"}
{"level":"info","message":"Connected to database & server started succesfully. You can access it at http://localhost:8080"}
{"level":"info","message":"Connected to database & server started succesfully. You can access it at http://localhost:8080"}
{"level":"info","message":"Connected to database & server started succesfully. You can access it at http://localhost:8080"}
{"level":"info","message":"Connected to database & server started succesfully. You can access it at http://localhost:8080"}
{"level":"info","message":"Connected to database & server started succesfully. You can access it at http://localhost:8080"}
{"level":"info","message":"Connected to database & server started succesfully. You can access it at http://localhost:8080"}
{"level":"info","message":"Connected to database & server started succesfully. You can access it at http://localhost:8080"}
{"level":"info","message":"Connected to database & server started succesfully. You can access it at http://localhost:8080"}
{"level":"info","message":"Connected to database & server started succesfully. You can access it at http://localhost:8080"}
{"level":"info","message":"Connected to database & server started succesfully. You can access it at http://localhost:8080"}
{"level":"info","message":"Connected to database & server started succesfully. You can access it at http://localhost:8080"}
{"level":"info","message":"Connected to database & server started succesfully. You can access it at http://localhost:8080"}
{"level":"info","message":"Connected to database & server started succesfully. You can access it at http://localhost:8080"}
{"level":"info","message":"Connected to database & server started succesfully. You can access it at http://localhost:8080"}
{"level":"info","message":"Connected to database & server started succesfully. You can access it at http://localhost:8080"}
{"level":"info","message":"Connected to database & server started succesfully. You can access it at http://localhost:8080"}
{"level":"info","message":"Connected to database & server started succesfully. You can access it at http://localhost:8080"}
{"level":"info","message":"Connected to database & server started succesfully. You can access it at http://localhost:8080"}
{"level":"info","message":"Connected to database & server started succesfully. You can access it at http://localhost:8080"}
{"level":"info","message":"Connected to database & server started succesfully. You can access it at http://localhost:8080"}
{"level":"info","message":"Connected to database & server started succesfully. You can access it at http://localhost:8080"}
{"level":"info","message":"Connected to database & server started succesfully. You can access it at http://localhost:8080"}
{"level":"info","message":"Connected to database & server started succesfully. You can access it at http://localhost:8080"}
{"level":"info","message":"Connected to database & server started succesfully. You can access it at http://localhost:8080"}
{"level":"info","message":"Connected to database & server started succesfully. You can access it at http://localhost:8080"}
{"level":"info","message":"Connected to database & server started succesfully. You can access it at http://localhost:8080"}
{"level":"info","message":"Connected to database & server started succesfully. You can access it at http://localhost:8080"}
{"level":"info","message":"Connected to database & server started succesfully. You can access it at http://localhost:8080"}
{"level":"info","message":"Connected to database & server started succesfully. You can access it at http://localhost:8080"}
{"level":"info","message":"Connected to database & server started succesfully. You can access it at http://localhost:8080"}
{"level":"error","message":"\nInvalid `client.user.findFirst()` invocation in\nC:\\Users\\akans\\Coding_and_Dev\\Dev\\Connexa\\server\\src\\controllers\\auth.controllers.ts:35:45\n\n  32 schema.parse(credentials)\n  33 \n  34 // Checking if there exist any user with the same email\n→ 35 const foundUser = await client.user.findFirst(\nThe table `public.User` does not exist in the current database."}
{"level":"info","message":"Connected to database & server started succesfully. You can access it at http://localhost:8080"}
{"level":"info","message":"Connected to database & server started succesfully. You can access it at http://localhost:8080"}
{"level":"info","message":"Connected to database & server started succesfully. You can access it at http://localhost:8080"}
{"level":"error","message":"[\n  {\n    \"validation\": \"email\",\n    \"code\": \"invalid_string\",\n    \"message\": \"Email is incorrect\",\n    \"path\": [\n      \"email\"\n    ]\n  }\n]"}
{"level":"info","message":"Connected to database & server started succesfully. You can access it at http://localhost:8080"}
{"level":"info","message":"Connected to database & server started succesfully. You can access it at http://localhost:8080"}
{"level":"info","message":"Connected to database & server started succesfully. You can access it at http://localhost:8080"}
{"level":"error","message":"Email is incorrect"}
{"level":"error","message":"Name must be atleat 1 character long, Email is incorrect"}
{"level":"error","message":"Name must be atleat 1 character long, Email is incorrect, Password should not be greater than 20 character long"}
{"level":"error","message":"Name must be atleat 1 character long, Email is incorrect, Password must be atleast 8 character long"}
